Topology size: 2 x 2
Local domain size (current node): 4096 x 4096
Global domain size (all nodes): 8192 x 8192
Starting Jacobi run with 4 processes using "GeForce RTX 2080 Ti" GPUs (ECC enabled: 0 / 4):
Iteration: 0 - Residue: 0.250000
Iteration: 100 - Residue: 0.002397
Iteration: 200 - Residue: 0.001204
Iteration: 300 - Residue: 0.000804
Iteration: 400 - Residue: 0.000603
Iteration: 500 - Residue: 0.000483
Iteration: 600 - Residue: 0.000403
Iteration: 700 - Residue: 0.000345
Iteration: 800 - Residue: 0.000302
Iteration: 900 - Residue: 0.000269
Stopped after 1000 iterations with residue 0.000242
Total Jacobi run time: 4.5984 sec.
Average per-process communication time: 1.5298 sec.
Measured lattice updates: 14.59 GLU/s (total), 3.65 GLU/s (per process)
Measured FLOPS: 72.93 GFLOPS (total), 18.23 GFLOPS (per process)
Measured device bandwidth: 933.56 GB/s (total), 233.39 GB/s (per process)
