Topology size: 2 x 2
Local domain size (current node): 4096 x 4096
Global domain size (all nodes): 8192 x 8192
Starting Jacobi run with 4 processes using "GeForce GTX 1070 Ti" GPUs (ECC enabled: 0 / 4):
Iteration: 0 - Residue: 0.250000
Iteration: 100 - Residue: 0.002397
Iteration: 200 - Residue: 0.001204
Iteration: 300 - Residue: 0.000804
Iteration: 400 - Residue: 0.000603
Iteration: 500 - Residue: 0.000483
Iteration: 600 - Residue: 0.000403
Iteration: 700 - Residue: 0.000345
Iteration: 800 - Residue: 0.000302
Iteration: 900 - Residue: 0.000269
Stopped after 1000 iterations with residue 0.000242
Total Jacobi run time: 6.7015 sec.
Average per-process communication time: 2.2180 sec.
Measured lattice updates: 10.01 GLU/s (total), 2.50 GLU/s (per process)
Measured FLOPS: 50.05 GFLOPS (total), 12.51 GFLOPS (per process)
Measured device bandwidth: 640.58 GB/s (total), 160.15 GB/s (per process)
